<?xml version="1.0" encoding="UTF-8"?>
<!-- Generated by org.testng.reporters.JUnitReportReporter -->
<testsuite hostname="Nani" failures="0" tests="1" name="sample.Sample_3" time="0.006" errors="0" timestamp="2024-08-27T15:28:11 IST" skipped="0">
  <testcase classname="sample.Sample_3" name="createUser" time="0.006"/>
  <system-out/>
</testsuite> <!-- sample.Sample_3 -->
