<?xml version="1.0" encoding="UTF-8"?>
<!-- Generated by org.testng.reporters.JUnitReportReporter -->
<testsuite hostname="Nani" failures="0" tests="7" name="sample.Sample_2" time="0.022" errors="0" timestamp="2024-08-27T15:26:09 IST" skipped="0">
  <testcase classname="sample.Sample_2" name="createUser" time="0.001"/>
  <system-out/>
  <testcase classname="sample.Sample_2" name="createUser" time="0.004"/>
  <system-out/>
  <testcase classname="sample.Sample_2" name="createUser" time="0.003"/>
  <system-out/>
  <testcase classname="sample.Sample_2" name="createUser" time="0.007"/>
  <system-out/>
  <testcase classname="sample.Sample_2" name="createUser" time="0.002"/>
  <system-out/>
  <testcase classname="sample.Sample_2" name="modifyUser" time="0.002"/>
  <system-out/>
  <testcase classname="sample.Sample_2" name="deleteUser" time="0.003"/>
  <system-out/>
</testsuite> <!-- sample.Sample_2 -->
