<?xml version="1.0" encoding="UTF-8"?>
<!-- Generated by org.testng.reporters.JUnitReportReporter -->
<testsuite hostname="Nani" failures="0" tests="3" name="sample.Sample_1" time="0.007" errors="0" timestamp="2024-08-28T09:48:17 IST" skipped="0">
  <testcase classname="sample.Sample_1" name="createUser" time="0.006"/>
  <system-out/>
  <testcase classname="sample.Sample_1" name="modifyUser" time="0.001"/>
  <system-out/>
  <testcase classname="sample.Sample_1" name="deleteUser" time="0.000"/>
  <system-out/>
</testsuite> <!-- sample.Sample_1 -->
