<?xml version="1.0" encoding="UTF-8"?>
<!-- Generated by org.testng.reporters.JUnitReportReporter -->
<testsuite hostname="Nani" failures="0" tests="2" name="sample.HardAssertComparisonSample" time="0.009" errors="0" timestamp="2024-08-28T09:49:38 IST" skipped="0">
  <testcase classname="sample.HardAssertComparisonSample" name="HardAssertStrictComparision" time="0.001"/>
  <system-out/>
  <testcase classname="sample.HardAssertComparisonSample" name="HardAssertContainsLevelComparision" time="0.008"/>
  <system-out/>
</testsuite> <!-- sample.HardAssertComparisonSample -->
